<?xml version="1.0" encoding="UTF-8"?>
<testng-results ignored="0" total="2" passed="2" failed="0" skipped="0">
  <reporter-output>
  </reporter-output>
  <suite started-at="2021-11-24T13:56:57Z" name="T type project REGRESSION Suite" finished-at="2021-11-24T13:57:23Z" duration-ms="25778">
    <groups>
    </groups>
    <test started-at="2021-11-24T13:56:57Z" name="T type test" finished-at="2021-11-24T13:57:23Z" duration-ms="25778">
      <class name="basepage.Test1">
        <test-method signature="testnumber_1()[pri:0, instance:basepage.Test1@150c158]" started-at="2021-11-24T13:56:57Z" name="testnumber_1" finished-at="2021-11-24T13:57:10Z" duration-ms="13292" status="PASS">
          <reporter-output>
          </reporter-output>
        </test-method> <!-- testnumber_1 -->
        <test-method signature="totalImages()[pri:0, instance:basepage.Test1@150c158]" started-at="2021-11-24T13:57:10Z" name="totalImages" finished-at="2021-11-24T13:57:23Z" duration-ms="12442" status="PASS">
          <reporter-output>
          </reporter-output>
        </test-method> <!-- totalImages -->
      </class> <!-- basepage.Test1 -->
    </test> <!-- T type test -->
  </suite> <!-- T type project REGRESSION Suite -->
</testng-results>
